Library/Bee/Android/Prj/Mono2x/Gradle/launcher/build/intermediates/manifest_merge_blame_file/release/manifest-merger-blame-release-report.txt
1<?xml version="1.0" encoding="utf-8"?>
2<manifest xmlns:android="http://schemas.android.com/apk/res/android"
3    package="com.Sketchin.OculusQuest2boilerplate"
4    android:installLocation="auto"
5    android:versionCode="1"
6    android:versionName="0.1" >
7
8    <uses-sdk
9        android:minSdkVersion="23"
9-->src/main/AndroidManifest.xml
10        android:targetSdkVersion="30" />
10-->src/main/AndroidManifest.xml
11
12    <supports-screens
12-->src/main/AndroidManifest.xml:3:3-163
13        android:anyDensity="true"
13-->src/main/AndroidManifest.xml:3:135-160
14        android:largeScreens="true"
14-->src/main/AndroidManifest.xml:3:78-105
15        android:normalScreens="true"
15-->src/main/AndroidManifest.xml:3:49-77
16        android:smallScreens="true"
16-->src/main/AndroidManifest.xml:3:21-48
17        android:xlargeScreens="true" />
17-->src/main/AndroidManifest.xml:3:106-134
18
19    <uses-feature android:glEsVersion="0x00030000" />
19-->[:unityLibrary] AndroidManifest.xml:13:5-54
19-->[:unityLibrary] AndroidManifest.xml:13:19-51
20    <uses-feature
20-->[:unityLibrary] AndroidManifest.xml:14:5-16:36
21        android:name="android.hardware.vulkan.version"
21-->[:unityLibrary] AndroidManifest.xml:15:9-55
22        android:required="false" />
22-->[:unityLibrary] AndroidManifest.xml:16:9-33
23
24    <uses-permission android:name="android.permission.INTERNET" />
24-->[:unityLibrary] AndroidManifest.xml:18:5-67
24-->[:unityLibrary] AndroidManifest.xml:18:22-64
25    <uses-permission android:name="android.permission.ACCESS_NETWORK_STATE" />
25-->[:unityLibrary] AndroidManifest.xml:19:5-79
25-->[:unityLibrary] AndroidManifest.xml:19:22-76
26    <uses-permission android:name="android.permission.RECORD_AUDIO" />
26-->[:unityLibrary] AndroidManifest.xml:20:5-71
26-->[:unityLibrary] AndroidManifest.xml:20:22-68
27    <uses-permission android:name="android.permission.MODIFY_AUDIO_SETTINGS" />
27-->[:unityLibrary] AndroidManifest.xml:21:5-80
27-->[:unityLibrary] AndroidManifest.xml:21:22-77
28
29    <uses-feature
29-->[:unityLibrary] AndroidManifest.xml:23:5-25:36
30        android:name="android.hardware.microphone"
30-->[:unityLibrary] AndroidManifest.xml:24:9-51
31        android:required="false" />
31-->[:unityLibrary] AndroidManifest.xml:25:9-33
32    <uses-feature
32-->[:unityLibrary] AndroidManifest.xml:26:5-28:36
33        android:name="android.hardware.touchscreen"
33-->[:unityLibrary] AndroidManifest.xml:27:9-52
34        android:required="false" />
34-->[:unityLibrary] AndroidManifest.xml:28:9-33
35    <uses-feature
35-->[:unityLibrary] AndroidManifest.xml:29:5-31:36
36        android:name="android.hardware.touchscreen.multitouch"
36-->[:unityLibrary] AndroidManifest.xml:30:9-63
37        android:required="false" />
37-->[:unityLibrary] AndroidManifest.xml:31:9-33
38    <uses-feature
38-->[:unityLibrary] AndroidManifest.xml:32:5-34:36
39        android:name="android.hardware.touchscreen.multitouch.distinct"
39-->[:unityLibrary] AndroidManifest.xml:33:9-72
40        android:required="false" />
40-->[:unityLibrary] AndroidManifest.xml:34:9-33
41    <uses-feature
41-->[:unityLibrary] AndroidManifest.xml:35:5-38:31
42        android:name="android.hardware.vr.headtracking"
42-->[:unityLibrary] AndroidManifest.xml:36:9-56
43        android:required="true"
43-->[:unityLibrary] AndroidManifest.xml:37:9-32
44        android:version="1" />
44-->[:unityLibrary] AndroidManifest.xml:38:9-28
45    <uses-feature
45-->[:unityLibrary] AndroidManifest.xml:39:5-41:36
46        android:name="oculus.software.handtracking"
46-->[:unityLibrary] AndroidManifest.xml:40:9-52
47        android:required="false" />
47-->[:unityLibrary] AndroidManifest.xml:41:9-33
48
49    <uses-permission android:name="com.oculus.permission.HAND_TRACKING" />
49-->[:unityLibrary] AndroidManifest.xml:43:5-75
49-->[:unityLibrary] AndroidManifest.xml:43:22-72
50
51    <application
51-->src/main/AndroidManifest.xml:4:3-83
52        android:allowBackup="false"
52-->[:unityLibrary] AndroidManifest.xml:46:9-36
53        android:extractNativeLibs="true"
53-->[:unityLibrary] AndroidManifest.xml:47:9-41
54        android:icon="@mipmap/app_icon"
54-->src/main/AndroidManifest.xml:4:49-80
55        android:label="@string/app_name"
55-->src/main/AndroidManifest.xml:4:16-48
56        android:networkSecurityConfig="@xml/network_sec_config" >
56-->[:unityLibrary] AndroidManifest.xml:50:9-64
57        <activity
57-->[:unityLibrary] AndroidManifest.xml:51:9-75:20
58            android:name="com.unity3d.player.UnityPlayerActivity"
58-->[:unityLibrary] AndroidManifest.xml:52:13-66
59            android:configChanges="keyboard|keyboardHidden|navigation|orientation|screenLayout|screenSize|uiMode"
59-->[:unityLibrary] AndroidManifest.xml:53:13-114
60            android:hardwareAccelerated="false"
60-->[:unityLibrary] AndroidManifest.xml:54:13-48
61            android:launchMode="singleTask"
61-->[:unityLibrary] AndroidManifest.xml:55:13-44
62            android:resizeableActivity="false"
62-->[:unityLibrary] AndroidManifest.xml:56:13-47
63            android:screenOrientation="landscape"
63-->[:unityLibrary] AndroidManifest.xml:57:13-50
64            android:theme="@android:style/Theme.Black.NoTitleBar.Fullscreen" >
64-->[:unityLibrary] AndroidManifest.xml:58:13-77
65            <intent-filter>
65-->[:unityLibrary] AndroidManifest.xml:59:13-64:29
66                <action android:name="android.intent.action.MAIN" />
66-->[:unityLibrary] AndroidManifest.xml:60:17-69
66-->[:unityLibrary] AndroidManifest.xml:60:25-66
67
68                <category android:name="android.intent.category.LAUNCHER" />
68-->[:unityLibrary] AndroidManifest.xml:62:17-77
68-->[:unityLibrary] AndroidManifest.xml:62:27-74
69                <category android:name="com.oculus.intent.category.VR" />
69-->[:unityLibrary] AndroidManifest.xml:63:17-74
69-->[:unityLibrary] AndroidManifest.xml:63:27-71
70            </intent-filter>
71
72            <meta-data
72-->[:unityLibrary] AndroidManifest.xml:66:13-68:40
73                android:name="unityplayer.UnityActivity"
73-->[:unityLibrary] AndroidManifest.xml:67:17-57
74                android:value="true" />
74-->[:unityLibrary] AndroidManifest.xml:68:17-37
75            <meta-data
75-->[:unityLibrary] AndroidManifest.xml:69:13-71:40
76                android:name="android.notch_support"
76-->[:unityLibrary] AndroidManifest.xml:70:17-53
77                android:value="true" />
77-->[:unityLibrary] AndroidManifest.xml:71:17-37
78            <meta-data
78-->[:unityLibrary] AndroidManifest.xml:72:13-74:40
79                android:name="com.oculus.vr.focusaware"
79-->[:unityLibrary] AndroidManifest.xml:73:17-56
80                android:value="true" />
80-->[:unityLibrary] AndroidManifest.xml:74:17-37
81        </activity>
82
83        <meta-data
83-->[:unityLibrary] AndroidManifest.xml:77:9-79:33
84            android:name="unity.splash-mode"
84-->[:unityLibrary] AndroidManifest.xml:78:13-45
85            android:value="0" />
85-->[:unityLibrary] AndroidManifest.xml:79:13-30
86        <meta-data
86-->[:unityLibrary] AndroidManifest.xml:80:9-82:36
87            android:name="unity.splash-enable"
87-->[:unityLibrary] AndroidManifest.xml:81:13-47
88            android:value="True" />
88-->[:unityLibrary] AndroidManifest.xml:82:13-33
89        <meta-data
89-->[:unityLibrary] AndroidManifest.xml:83:9-85:36
90            android:name="unity.launch-fullscreen"
90-->[:unityLibrary] AndroidManifest.xml:84:13-51
91            android:value="True" />
91-->[:unityLibrary] AndroidManifest.xml:85:13-33
92        <meta-data
92-->[:unityLibrary] AndroidManifest.xml:86:9-88:37
93            android:name="unity.allow-resizable-window"
93-->[:unityLibrary] AndroidManifest.xml:87:13-56
94            android:value="False" />
94-->[:unityLibrary] AndroidManifest.xml:88:13-34
95        <meta-data
95-->[:unityLibrary] AndroidManifest.xml:89:9-91:50
96            android:name="notch.config"
96-->[:unityLibrary] AndroidManifest.xml:90:13-40
97            android:value="portrait|landscape" />
97-->[:unityLibrary] AndroidManifest.xml:91:13-47
98        <meta-data
98-->[:unityLibrary] AndroidManifest.xml:92:9-94:36
99            android:name="com.oculus.handtracking.frequency"
99-->[:unityLibrary] AndroidManifest.xml:93:13-61
100            android:value="HIGH" />
100-->[:unityLibrary] AndroidManifest.xml:94:13-33
101        <meta-data
101-->[:unityLibrary] AndroidManifest.xml:95:9-97:36
102            android:name="com.oculus.handtracking.version"
102-->[:unityLibrary] AndroidManifest.xml:96:13-59
103            android:value="V2.0" />
103-->[:unityLibrary] AndroidManifest.xml:97:13-33
104        <meta-data
104-->[:unityLibrary] AndroidManifest.xml:98:9-100:39
105            android:name="com.samsung.android.vr.application.mode"
105-->[:unityLibrary] AndroidManifest.xml:99:13-67
106            android:value="vr_only" />
106-->[:unityLibrary] AndroidManifest.xml:100:13-36
107        <meta-data
107-->[:unityLibrary] AndroidManifest.xml:101:9-103:37
108            android:name="com.unity.xr.oculus.LowOverheadMode"
108-->[:unityLibrary] AndroidManifest.xml:102:13-63
109            android:value="false" />
109-->[:unityLibrary] AndroidManifest.xml:103:13-34
110        <meta-data
110-->[:unityLibrary] AndroidManifest.xml:104:9-106:37
111            android:name="com.unity.xr.oculus.LateLatching"
111-->[:unityLibrary] AndroidManifest.xml:105:13-60
112            android:value="false" />
112-->[:unityLibrary] AndroidManifest.xml:106:13-34
113        <meta-data
113-->[:unityLibrary] AndroidManifest.xml:107:9-109:37
114            android:name="com.unity.xr.oculus.LateLatchingDebug"
114-->[:unityLibrary] AndroidManifest.xml:108:13-65
115            android:value="false" />
115-->[:unityLibrary] AndroidManifest.xml:109:13-34
116        <meta-data
116-->[:unityLibrary] AndroidManifest.xml:110:9-112:44
117            android:name="com.oculus.supportedDevices"
117-->[:unityLibrary] AndroidManifest.xml:111:13-55
118            android:value="quest|quest2" />
118-->[:unityLibrary] AndroidManifest.xml:112:13-41
119    </application>
120
121</manifest>